[DeleteSql Info]：Delete from nk_sign_d_info  where  date(rec_crt_dt1) = date('2020-06-08')
8
{'RSP_HEAD': {'TRAN_SUCCESS': '1'}, 'RSP_BODY': {'startTime': '1591607342145', 'to': 'cispQueryEmployeeByProjectInfoAction', 'employeeNo': 'yimin.chen', 'replyInformation': {'responseMessage': '操作成功！', 'responseCode': 'CISP00000000', 'responseType': 'N'}, 'projectList': [{'uuid': 'A7898D0672C6F076E050A8C0650079B1', 'projectNo': 'RD-17-1022-D47-01', 'projectName': '建信金融系统开发服务项目2019年', 'groupNo': '1', 'groupName': '自定义模板-普通考勤', 'headNo': 'junhuang.liu', 'headName': '刘君煌', 'checkNo': 'junhuang.liu', 'checkName': '刘君煌', 'employeeNo': 'yimin.chen', 'employeeName': '陈艺敏', 'status': '1', 'latitude': '24.484077', 'longitude': '118.183877', 'location': '福建省厦门市思明区莲前街道观日路厦门市软件园(前埔东路)', 'range': '1000', 'startTime': '09:00', 'endTime': '17:30'}]}}
{"RSP_HEAD":{"TRAN_SUCCESS":"1"},"RSP_BODY":{"to":["cispInsertPunchCardInfoAction","cispInsertPunchCardInfoAction"],"startTime":"1591607345115","groupId":"1","flag":"1","name":"陈艺敏","longitude":"118.18569","latitude":"24.48399","endTime":"17:30","place":"福建省厦门市思明区莲前街道中科院建设设计研究院厦门市软件园(前埔东路)","replyInformation":{"responseMessage":"操作成功！","responseCode":"CISP00000000","responseType":"N"},"projectNo":"RD-17-1022-D47-01","loginName":"yimin.chen"}}
[Insert_Sql Info]：Insert into  nk_sign_d_info(col1, col2, col3, col4, col5, col6) values (0, 'yimin.chen', '陈艺敏', '2020-06-08', '2020-06-08 08:15:24', '福建省厦门市思明区莲前街道厦门市软件园观日路36号楼厦门市软件园(前埔东路)');
1
[Insert_Sql Info]：Insert into  nk_sign_d_info(col1, col2, col3, col4, col5, col6) values (1, 'yimin.chen', '陈艺敏', '2020-06-08', '2020-06-08 08:53:39', '福建省厦门市思明区会展路靠近招商银行(软件园支行)');
1
[Insert_Sql Info]：Insert into  nk_sign_d_info(col1, col2, col3, col4, col5, col6) values (2, 'yimin.chen', '陈艺敏', '2020-06-08', '2020-06-08 16:50:03', '福建省厦门市思明区莲前街道珠海规划设计研究院厦门分院厦门市软件园(前埔东路)');
1
[Insert_Sql Info]：Insert into  nk_sign_d_info(col1, col2, col3, col4, col5, col6) values (3, 'yimin.chen', '陈艺敏', '2020-06-08', '2020-06-08 16:59:54', '福建省厦门市思明区莲前街道中国建设银行(厦门科技支行)厦门市软件园(前埔东路)');
1
[Insert_Sql Info]：Insert into  nk_sign_d_info(col1, col2, col3, col4, col5, col6) values (4, 'yimin.chen', '陈艺敏', '2020-06-08', '2020-06-08 17:09:04', '福建省厦门市思明区莲前街道中科院建设设计研究院厦门市软件园(前埔东路)');
1
{'RSP_HEAD': {'TRAN_SUCCESS': '1'}, 'RSP_BODY': {'startTime': '1591607346397', 'to': 'cispQueryEmployeeByProjectInfoAction', 'employeeNo': 'shaoqing.li', 'replyInformation': {'responseMessage': '操作成功！', 'responseCode': 'CISP00000000', 'responseType': 'N'}, 'projectList': [{'uuid': 'A7898D0672C7F076E050A8C0650079B1', 'projectNo': 'RD-17-1022-D47-01', 'projectName': '建信金融系统开发服务项目2019年', 'groupNo': '1', 'groupName': '自定义模板-普通考勤', 'headNo': 'junhuang.liu', 'headName': '刘君煌', 'checkNo': 'junhuang.liu', 'checkName': '刘君煌', 'employeeNo': 'shaoqing.li', 'employeeName': '李少卿', 'status': '1', 'latitude': '24.484077', 'longitude': '118.183877', 'location': '福建省厦门市思明区莲前街道观日路厦门市软件园(前埔东路)', 'range': '1000', 'startTime': '09:00', 'endTime': '17:30'}]}}
{"RSP_HEAD":{"TRAN_SUCCESS":"1"},"RSP_BODY":{"to":["cispInsertPunchCardInfoAction","cispInsertPunchCardInfoAction"],"startTime":"1591607348460","groupId":"1","flag":"1","name":"李少卿","longitude":"118.187156","latitude":"24.4838611","endTime":"17:30","place":"福建省厦门市思明区莲前街道观日路46号厦门市软件园(前埔东路)","replyInformation":{"responseMessage":"操作成功！","responseCode":"CISP00000000","responseType":"N"},"projectNo":"RD-17-1022-D47-01","loginName":"shaoqing.li"}}
[Insert_Sql Info]：Insert into  nk_sign_d_info(col1, col2, col3, col4, col5, col6) values (0, 'shaoqing.li', '李少卿', '2020-06-08', '2020-06-08 08:15:25', '福建省厦门市思明区莲前街道厦门信息集团有限公司厦门市软件园(前埔东路)');
1
[Insert_Sql Info]：Insert into  nk_sign_d_info(col1, col2, col3, col4, col5, col6) values (1, 'shaoqing.li', '李少卿', '2020-06-08', '2020-06-08 09:00:59', '福建省厦门市思明区莲前街道观日路38号厦门市软件园(前埔东路)');
1
[Insert_Sql Info]：Insert into  nk_sign_d_info(col1, col2, col3, col4, col5, col6) values (2, 'shaoqing.li', '李少卿', '2020-06-08', '2020-06-08 16:50:06', '福建省厦门市思明区莲前街道厦门微电子集成技术研究中心厦门市软件园(前埔东路)');
1
[Insert_Sql Info]：Insert into  nk_sign_d_info(col1, col2, col3, col4, col5, col6) values (3, 'shaoqing.li', '李少卿', '2020-06-08', '2020-06-08 16:59:57', '福建省厦门市思明区莲前街道中镁办公家具厦门市软件园(前埔东路)');
1
[Insert_Sql Info]：Insert into  nk_sign_d_info(col1, col2, col3, col4, col5, col6) values (4, 'shaoqing.li', '李少卿', '2020-06-08', '2020-06-08 17:09:08', '福建省厦门市思明区莲前街道观日路46号厦门市软件园(前埔东路)');
1
PRESS ANYKEY TO EXIT